SF:/Users/zoocityboy/Develop/GitHub/flagsmith-flutter-client/packages/flagsmith-flutter-sharedpreferences/lib/sharedpreferences_store.dart
DA:7,1
DA:8,1
DA:11,1
DA:12,1
DA:13,3
DA:16,1
DA:18,2
DA:21,1
DA:23,1
DA:24,2
DA:27,1
DA:29,1
DA:30,2
DA:35,1
DA:37,1
DA:38,2
DA:43,1
DA:45,1
DA:46,2
DA:51,1
DA:53,1
DA:54,1
DA:55,2
DA:56,2
DA:57,1
DA:59,1
DA:65,1
DA:67,1
DA:68,1
DA:69,3
DA:70,2
DA:71,3
DA:78,1
DA:80,1
DA:81,2
LF:35
LH:35
end_of_record
SF:/Users/zoocityboy/Develop/GitHub/flagsmith-flutter-client/packages/flagsmith-flutter-core/lib/src/extensions/converters.dart
DA:1,6
DA:2,6
DA:3,5
LF:3
LH:3
end_of_record
SF:/Users/zoocityboy/Develop/GitHub/flagsmith-flutter-client/packages/flagsmith-flutter-core/lib/src/storage/in_memory_storage.dart
DA:7,2
DA:8,2
DA:11,2
DA:13,2
DA:17,2
DA:19,4
DA:24,2
DA:26,4
DA:27,4
DA:34,1
DA:36,2
DA:37,2
DA:45,2
DA:47,4
DA:48,6
DA:54,2
DA:56,4
DA:57,4
DA:64,2
DA:66,2
DA:67,6
DA:68,2
DA:70,2
DA:73,2
DA:75,2
DA:76,6
DA:77,4
DA:78,6
LF:28
LH:28
end_of_record
SF:/Users/zoocityboy/Develop/GitHub/flagsmith-flutter-client/packages/flagsmith-flutter-core/lib/src/storage_provider.dart
DA:14,2
DA:15,2
DA:17,2
DA:21,2
DA:22,2
DA:23,4
DA:24,4
DA:25,2
DA:28,2
DA:30,4
DA:34,4
DA:38,2
DA:41,4
DA:43,4
DA:45,2
DA:48,1
DA:49,2
DA:50,2
DA:54,1
DA:55,1
DA:56,2
DA:58,2
DA:61,2
DA:62,2
DA:66,4
DA:69,2
DA:70,4
DA:71,4
DA:75,2
DA:76,2
DA:77,4
DA:81,2
DA:82,4
DA:83,3
DA:84,2
DA:85,2
DA:86,2
DA:89,1
DA:90,2
DA:91,2
DA:93,2
DA:95,2
DA:101,2
DA:103,14
DA:104,2
DA:105,4
DA:107,4
DA:108,2
DA:114,4
DA:116,3
DA:118,2
DA:119,2
DA:120,3
DA:121,1
DA:125,2
DA:130,6
DA:131,8
DA:132,14
DA:136,2
DA:140,8
DA:141,18
DA:144,2
DA:146,6
DA:147,4
DA:149,0
DA:153,2
DA:154,6
DA:155,4
DA:157,4
DA:160,1
DA:161,1
DA:165,1
DA:166,1
DA:167,1
LF:74
LH:73
end_of_record
SF:/Users/zoocityboy/Develop/GitHub/flagsmith-flutter-client/packages/flagsmith-flutter-core/lib/src/model/feature.dart
DA:23,3
DA:31,3
DA:39,3
DA:47,3
DA:48,3
DA:50,6
DA:51,0
DA:52,1
DA:60,1
DA:61,1
DA:62,1
DA:63,1
DA:64,0
DA:65,1
DA:66,1
LF:15
LH:13
end_of_record
SF:/Users/zoocityboy/Develop/GitHub/flagsmith-flutter-client/packages/flagsmith-flutter-core/lib/src/model/feature.g.dart
DA:11,3
DA:12,3
DA:13,3
DA:14,3
DA:15,3
DA:17,6
DA:18,6
DA:19,3
DA:20,3
DA:24,6
DA:25,3
DA:26,3
DA:27,6
DA:28,6
DA:29,3
DA:30,3
LF:16
LH:16
end_of_record
SF:/Users/zoocityboy/Develop/GitHub/flagsmith-flutter-client/packages/flagsmith-flutter-core/lib/src/model/flag.dart
DA:24,3
DA:33,6
DA:34,2
DA:36,8
DA:39,3
DA:40,12
DA:41,3
DA:49,3
DA:58,3
DA:59,3
DA:61,3
DA:64,3
DA:67,6
DA:68,6
DA:76,6
DA:78,6
DA:79,9
DA:81,2
DA:89,2
DA:90,2
DA:91,1
DA:92,2
DA:93,1
DA:94,2
DA:95,2
DA:96,2
LF:26
LH:26
end_of_record
SF:/Users/zoocityboy/Develop/GitHub/flagsmith-flutter-client/packages/flagsmith-flutter-core/lib/src/model/flag.g.dart
DA:11,3
DA:12,3
DA:13,3
DA:14,6
DA:15,6
DA:16,3
DA:17,3
DA:18,3
DA:19,3
DA:23,6
DA:24,3
DA:25,6
DA:26,6
DA:27,3
DA:28,3
DA:29,3
DA:30,3
LF:17
LH:17
end_of_record
SF:/Users/zoocityboy/Develop/GitHub/flagsmith-flutter-client/packages/flagsmith-flutter-core/lib/src/model/flags_and_traits.dart
DA:11,1
DA:15,1
DA:16,1
DA:18,2
DA:19,0
DA:20,1
DA:24,1
DA:25,0
DA:26,0
LF:9
LH:6
end_of_record
SF:/Users/zoocityboy/Develop/GitHub/flagsmith-flutter-client/packages/flagsmith-flutter-core/lib/src/model/flags_and_traits.g.dart
DA:11,1
DA:12,1
DA:13,1
DA:14,3
DA:15,1
DA:16,1
DA:17,3
DA:18,1
DA:22,1
DA:23,1
DA:24,5
DA:25,5
LF:12
LH:12
end_of_record
SF:/Users/zoocityboy/Develop/GitHub/flagsmith-flutter-client/packages/flagsmith-flutter-core/lib/src/model/identity.dart
DA:10,3
DA:14,2
DA:15,2
DA:17,2
DA:18,0
DA:19,1
DA:20,2
LF:7
LH:6
end_of_record
SF:/Users/zoocityboy/Develop/GitHub/flagsmith-flutter-client/packages/flagsmith-flutter-core/lib/src/model/identity.g.dart
DA:11,2
DA:12,2
DA:13,2
DA:17,2
DA:18,1
LF:5
LH:5
end_of_record
SF:/Users/zoocityboy/Develop/GitHub/flagsmith-flutter-client/packages/flagsmith-flutter-core/lib/src/model/trait.dart
DA:19,2
DA:24,4
DA:26,4
DA:27,3
DA:28,1
DA:33,1
DA:34,1
DA:35,1
DA:36,1
DA:51,1
DA:56,1
DA:57,1
DA:59,2
DA:60,3
DA:61,1
DA:66,1
DA:67,1
DA:68,1
DA:69,1
LF:19
LH:19
end_of_record
SF:/Users/zoocityboy/Develop/GitHub/flagsmith-flutter-client/packages/flagsmith-flutter-core/lib/src/model/trait.g.dart
DA:11,2
DA:12,2
DA:13,2
DA:14,2
DA:15,4
DA:19,4
DA:20,2
DA:21,2
DA:22,4
DA:25,1
DA:26,1
DA:27,2
DA:28,1
DA:29,2
DA:33,1
DA:34,1
DA:35,2
DA:36,1
DA:37,2
LF:19
LH:19
end_of_record
SF:/Users/zoocityboy/Develop/GitHub/flagsmith-flutter-client/packages/flagsmith-flutter-core/lib/src/tools/security.dart
DA:13,2
DA:14,6
DA:15,10
DA:17,2
DA:18,8
DA:19,6
DA:23,2
DA:24,2
DA:25,8
DA:28,2
DA:29,2
DA:30,2
DA:31,6
DA:32,10
DA:33,2
DA:36,2
DA:37,6
DA:38,4
DA:41,2
DA:44,8
LF:20
LH:20
end_of_record
SF:/Users/zoocityboy/Develop/GitHub/flagsmith-flutter-client/packages/flagsmith-flutter-core/lib/src/extensions/string_ext.dart
DA:2,4
LF:1
LH:1
end_of_record
SF:/Users/zoocityboy/Develop/GitHub/flagsmith-flutter-client/lib/src/core/exceptions.dart
DA:7,3
DA:9,1
DA:11,1
DA:15,1
DA:22,1
DA:23,4
DA:29,3
DA:30,3
DA:31,3
DA:32,3
DA:33,3
DA:34,3
DA:40,6
LF:13
LH:13
end_of_record
SF:/Users/zoocityboy/Develop/GitHub/flagsmith-flutter-client/lib/src/flagsmith_client.dart
DA:20,6
DA:21,6
DA:23,0
DA:35,4
DA:43,16
DA:46,8
DA:47,24
DA:48,16
DA:49,32
DA:50,16
DA:51,24
DA:55,8
DA:56,8
DA:57,24
DA:60,1
DA:62,5
DA:65,6
DA:67,3
DA:68,2
DA:72,1
DA:73,3
DA:74,1
DA:76,0
DA:77,0
DA:83,8
DA:88,8
DA:89,8
DA:93,8
DA:97,24
DA:103,4
DA:104,16
DA:105,8
DA:111,6
DA:117,6
DA:121,12
DA:122,6
DA:126,8
DA:128,2
DA:130,16
DA:131,16
DA:132,8
DA:139,3
DA:140,6
DA:141,9
DA:142,6
DA:147,8
DA:148,24
DA:149,32
DA:150,24
DA:151,16
DA:153,16
DA:154,6
DA:167,7
DA:169,10
DA:170,5
DA:171,35
DA:173,5
DA:176,14
DA:177,9
DA:178,14
DA:188,2
DA:190,2
DA:202,3
DA:203,6
DA:204,2
DA:205,4
DA:208,12
DA:218,3
DA:220,3
DA:221,3
DA:228,2
DA:230,2
DA:231,2
DA:234,5
DA:236,5
DA:238,25
DA:239,5
DA:245,1
DA:248,2
DA:249,1
DA:250,2
DA:252,6
DA:253,1
DA:254,1
DA:258,5
DA:259,10
DA:260,15
DA:261,14
DA:263,15
DA:269,3
DA:270,6
DA:271,6
DA:272,12
DA:278,1
DA:279,1
DA:280,4
DA:283,7
DA:285,28
DA:286,14
DA:287,35
DA:288,14
DA:289,14
DA:290,49
DA:291,7
DA:294,1
DA:295,2
DA:296,6
DA:297,2
DA:299,0
DA:300,0
DA:305,2
DA:307,4
DA:308,8
DA:310,2
DA:311,1
DA:312,1
DA:314,3
DA:315,1
DA:316,7
DA:318,2
DA:319,2
DA:320,7
DA:321,1
DA:324,1
DA:325,2
DA:326,6
DA:327,2
DA:329,0
DA:330,0
DA:337,2
DA:338,2
DA:342,5
DA:346,2
DA:348,4
DA:349,8
DA:351,2
DA:352,1
DA:353,1
DA:355,3
DA:357,1
DA:358,1
DA:359,3
DA:360,1
DA:362,0
DA:363,0
DA:368,2
DA:370,10
DA:371,1
DA:374,2
DA:375,1
DA:376,3
DA:377,1
DA:379,0
DA:380,0
DA:385,2
DA:387,2
DA:390,6
DA:392,6
DA:393,2
DA:394,4
DA:396,2
DA:397,2
DA:401,4
DA:402,4
DA:405,3
DA:408,3
DA:410,3
DA:411,1
DA:412,1
DA:413,1
DA:415,1
DA:416,1
DA:417,3
DA:418,1
DA:420,0
DA:421,0
DA:426,8
DA:427,16
DA:428,5
DA:429,5
DA:430,10
DA:435,2
DA:436,4
DA:437,2
DA:439,4
DA:443,3
DA:446,3
DA:449,18
DA:451,8
DA:452,16
DA:453,16
DA:458,2
DA:459,4
DA:460,4
DA:461,4
DA:462,12
DA:464,4
LF:197
LH:184
end_of_record
SF:/Users/zoocityboy/Develop/GitHub/flagsmith-flutter-client/lib/src/flagsmith_config.dart
DA:45,16
DA:63,16
DA:64,8
DA:65,8
DA:66,8
DA:67,8
LF:6
LH:6
end_of_record
SF:/Users/zoocityboy/Develop/GitHub/flagsmith-flutter-client/lib/src/core/string_x.dart
DA:2,0
LF:1
LH:0
end_of_record
SF:/Users/zoocityboy/Develop/GitHub/flagsmith-flutter-client/lib/src/core/exceptions.dart
DA:7,3
DA:9,1
DA:11,1
DA:15,1
DA:22,1
DA:23,4
DA:29,3
DA:30,3
DA:31,3
DA:32,3
DA:33,3
DA:34,3
DA:40,6
LF:13
LH:13
end_of_record
SF:/Users/zoocityboy/Develop/GitHub/flagsmith-flutter-client/lib/src/flagsmith_client.dart
DA:20,6
DA:21,6
DA:23,0
DA:35,4
DA:44,16
DA:47,8
DA:52,24
DA:53,16
DA:54,32
DA:55,16
DA:56,24
DA:60,8
DA:61,8
DA:62,16
DA:63,8
DA:66,1
DA:69,5
DA:72,4
DA:73,2
DA:75,3
DA:76,2
DA:80,1
DA:81,3
DA:82,1
DA:84,0
DA:85,0
DA:91,8
DA:97,8
DA:98,8
DA:102,8
DA:106,8
DA:107,16
DA:113,4
DA:114,16
DA:115,8
DA:121,6
DA:127,6
DA:131,12
DA:132,6
DA:136,8
DA:139,2
DA:141,16
DA:142,16
DA:143,8
DA:150,3
DA:151,6
DA:152,9
DA:153,6
DA:158,8
DA:159,24
DA:160,32
DA:161,24
DA:162,16
DA:164,16
DA:165,6
DA:178,7
DA:181,10
DA:182,5
DA:183,35
DA:185,5
DA:188,14
DA:189,9
DA:190,14
DA:200,2
DA:202,2
DA:214,3
DA:215,6
DA:216,2
DA:217,4
DA:220,6
DA:221,6
DA:231,3
DA:233,3
DA:234,3
DA:241,2
DA:243,2
DA:244,2
DA:247,5
DA:249,5
DA:251,25
DA:252,5
DA:258,1
DA:261,2
DA:262,1
DA:263,2
DA:265,1
DA:266,5
DA:267,1
DA:268,1
DA:272,5
DA:273,10
DA:274,15
DA:275,14
DA:277,15
DA:283,3
DA:284,6
DA:285,6
DA:286,12
DA:292,1
DA:293,1
DA:294,4
DA:297,7
DA:299,28
DA:300,14
DA:301,7
DA:302,21
DA:303,7
DA:304,14
DA:305,14
DA:306,49
DA:307,7
DA:310,1
DA:311,2
DA:312,6
DA:313,2
DA:315,0
DA:316,0
DA:321,2
DA:323,4
DA:324,8
DA:327,2
DA:328,1
DA:329,1
DA:331,3
DA:332,1
DA:333,7
DA:335,2
DA:336,2
DA:337,7
DA:338,1
DA:341,1
DA:342,2
DA:343,6
DA:344,2
DA:346,0
DA:347,0
DA:354,2
DA:355,2
DA:359,5
DA:363,2
DA:365,4
DA:366,8
DA:369,2
DA:370,1
DA:371,1
DA:373,3
DA:375,1
DA:376,1
DA:377,3
DA:378,1
DA:380,0
DA:381,0
DA:386,2
DA:390,10
DA:391,1
DA:394,2
DA:395,1
DA:396,3
DA:397,1
DA:399,0
DA:400,0
DA:405,2
DA:408,2
DA:411,6
DA:413,6
DA:414,2
DA:415,4
DA:417,2
DA:418,2
DA:422,4
DA:423,4
DA:426,3
DA:429,1
DA:430,2
DA:432,3
DA:433,1
DA:434,1
DA:435,1
DA:437,1
DA:438,1
DA:439,3
DA:440,1
DA:442,0
DA:443,0
DA:448,8
DA:449,16
DA:450,5
DA:451,5
DA:452,10
DA:457,2
DA:458,4
DA:459,2
DA:461,4
DA:465,3
DA:468,3
DA:471,18
DA:473,8
DA:474,16
DA:475,16
DA:480,2
DA:481,4
DA:482,4
DA:483,4
DA:484,12
DA:486,4
LF:205
LH:192
end_of_record
SF:/Users/zoocityboy/Develop/GitHub/flagsmith-flutter-client/lib/src/flagsmith_config.dart
DA:45,16
DA:63,16
DA:64,8
DA:65,8
DA:66,8
DA:67,8
LF:6
LH:6
end_of_record
SF:/Users/zoocityboy/Develop/GitHub/flagsmith-flutter-client/lib/src/core/string_x.dart
DA:2,0
LF:1
LH:0
end_of_record
SF:/Users/zoocityboy/Develop/GitHub/flagsmith-flutter-client/packages/flagsmith-flutter-sharedpreferences/lib/sharedpreferences_store.dart
DA:7,1
DA:8,1
DA:11,1
DA:12,1
DA:13,3
DA:16,1
DA:18,2
DA:21,1
DA:23,1
DA:24,2
DA:27,1
DA:29,1
DA:30,2
DA:35,1
DA:37,1
DA:38,2
DA:43,1
DA:45,1
DA:46,2
DA:51,1
DA:53,1
DA:54,1
DA:55,2
DA:56,2
DA:57,1
DA:59,1
DA:65,1
DA:67,1
DA:68,1
DA:69,3
DA:70,2
DA:71,3
DA:78,1
DA:80,1
DA:81,2
LF:35
LH:35
end_of_record
SF:/Users/zoocityboy/Develop/GitHub/flagsmith-flutter-client/packages/flagsmith-flutter-core/lib/src/extensions/string_ext.dart
DA:2,4
LF:1
LH:1
end_of_record
SF:/Users/zoocityboy/Develop/GitHub/flagsmith-flutter-client/packages/flagsmith-flutter-core/lib/src/extensions/converters.dart
DA:1,6
DA:2,6
DA:3,5
LF:3
LH:3
end_of_record
SF:/Users/zoocityboy/Develop/GitHub/flagsmith-flutter-client/packages/flagsmith-flutter-core/lib/src/storage/in_memory_storage.dart
DA:7,2
DA:8,2
DA:11,2
DA:13,2
DA:17,2
DA:19,4
DA:24,2
DA:26,4
DA:27,4
DA:34,1
DA:36,2
DA:37,2
DA:45,2
DA:47,4
DA:48,6
DA:54,2
DA:56,4
DA:57,4
DA:64,2
DA:66,2
DA:67,6
DA:68,2
DA:70,2
DA:73,2
DA:75,2
DA:76,6
DA:77,4
DA:78,6
LF:28
LH:28
end_of_record
SF:/Users/zoocityboy/Develop/GitHub/flagsmith-flutter-client/packages/flagsmith-flutter-core/lib/src/storage_provider.dart
DA:14,2
DA:15,2
DA:17,2
DA:21,2
DA:22,2
DA:23,4
DA:24,4
DA:25,2
DA:28,2
DA:30,4
DA:34,4
DA:38,2
DA:41,4
DA:43,4
DA:45,2
DA:48,1
DA:49,2
DA:50,2
DA:54,1
DA:55,1
DA:56,2
DA:58,2
DA:61,2
DA:62,2
DA:66,4
DA:69,2
DA:70,4
DA:71,4
DA:75,2
DA:76,2
DA:77,4
DA:81,2
DA:82,4
DA:83,3
DA:84,2
DA:85,2
DA:86,2
DA:89,1
DA:90,2
DA:91,2
DA:93,2
DA:95,2
DA:101,2
DA:103,14
DA:104,2
DA:105,4
DA:107,4
DA:108,2
DA:114,4
DA:116,3
DA:118,2
DA:119,2
DA:120,3
DA:121,1
DA:125,2
DA:130,6
DA:131,8
DA:132,14
DA:136,2
DA:140,8
DA:141,18
DA:144,2
DA:146,6
DA:147,4
DA:149,0
DA:153,2
DA:154,6
DA:155,4
DA:157,4
DA:160,1
DA:161,1
DA:165,1
DA:166,1
DA:167,1
LF:74
LH:73
end_of_record
SF:/Users/zoocityboy/Develop/GitHub/flagsmith-flutter-client/packages/flagsmith-flutter-core/lib/src/model/feature.dart
DA:23,3
DA:31,3
DA:39,3
DA:47,3
DA:48,3
DA:50,6
DA:51,0
DA:52,1
DA:60,1
DA:61,1
DA:62,1
DA:63,1
DA:64,0
DA:65,1
DA:66,1
LF:15
LH:13
end_of_record
SF:/Users/zoocityboy/Develop/GitHub/flagsmith-flutter-client/packages/flagsmith-flutter-core/lib/src/model/feature.g.dart
DA:11,3
DA:12,3
DA:13,3
DA:14,3
DA:15,3
DA:17,6
DA:18,6
DA:19,3
DA:20,3
DA:24,6
DA:25,3
DA:26,3
DA:27,6
DA:28,6
DA:29,3
DA:30,3
LF:16
LH:16
end_of_record
SF:/Users/zoocityboy/Develop/GitHub/flagsmith-flutter-client/packages/flagsmith-flutter-core/lib/src/model/flag.dart
DA:24,3
DA:33,6
DA:34,2
DA:36,8
DA:39,3
DA:40,12
DA:41,3
DA:49,3
DA:58,3
DA:59,3
DA:61,3
DA:64,3
DA:67,6
DA:68,6
DA:76,6
DA:78,6
DA:79,9
DA:81,2
DA:89,2
DA:90,2
DA:91,1
DA:92,2
DA:93,1
DA:94,2
DA:95,2
DA:96,2
LF:26
LH:26
end_of_record
SF:/Users/zoocityboy/Develop/GitHub/flagsmith-flutter-client/packages/flagsmith-flutter-core/lib/src/model/flag.g.dart
DA:11,3
DA:12,3
DA:13,3
DA:14,6
DA:15,6
DA:16,3
DA:17,3
DA:18,3
DA:19,3
DA:23,6
DA:24,3
DA:25,6
DA:26,6
DA:27,3
DA:28,3
DA:29,3
DA:30,3
LF:17
LH:17
end_of_record
SF:/Users/zoocityboy/Develop/GitHub/flagsmith-flutter-client/packages/flagsmith-flutter-core/lib/src/model/flags_and_traits.dart
DA:11,1
DA:15,1
DA:16,1
DA:18,2
DA:19,0
DA:20,1
DA:24,1
DA:25,0
DA:26,0
LF:9
LH:6
end_of_record
SF:/Users/zoocityboy/Develop/GitHub/flagsmith-flutter-client/packages/flagsmith-flutter-core/lib/src/model/flags_and_traits.g.dart
DA:11,1
DA:12,1
DA:13,1
DA:14,3
DA:15,1
DA:16,1
DA:17,3
DA:18,1
DA:22,1
DA:23,1
DA:24,5
DA:25,5
LF:12
LH:12
end_of_record
SF:/Users/zoocityboy/Develop/GitHub/flagsmith-flutter-client/packages/flagsmith-flutter-core/lib/src/model/identity.dart
DA:10,3
DA:14,2
DA:15,2
DA:17,2
DA:18,0
DA:19,1
DA:20,2
LF:7
LH:6
end_of_record
SF:/Users/zoocityboy/Develop/GitHub/flagsmith-flutter-client/packages/flagsmith-flutter-core/lib/src/model/identity.g.dart
DA:11,2
DA:12,2
DA:13,2
DA:17,2
DA:18,1
LF:5
LH:5
end_of_record
SF:/Users/zoocityboy/Develop/GitHub/flagsmith-flutter-client/packages/flagsmith-flutter-core/lib/src/model/trait.dart
DA:19,2
DA:24,4
DA:26,4
DA:27,3
DA:28,1
DA:33,1
DA:34,1
DA:35,1
DA:36,1
DA:51,1
DA:56,1
DA:57,1
DA:59,2
DA:60,3
DA:61,1
DA:66,1
DA:67,1
DA:68,1
DA:69,1
LF:19
LH:19
end_of_record
SF:/Users/zoocityboy/Develop/GitHub/flagsmith-flutter-client/packages/flagsmith-flutter-core/lib/src/model/trait.g.dart
DA:11,2
DA:12,2
DA:13,2
DA:14,2
DA:15,4
DA:19,4
DA:20,2
DA:21,2
DA:22,4
DA:25,1
DA:26,1
DA:27,2
DA:28,1
DA:29,2
DA:33,1
DA:34,1
DA:35,2
DA:36,1
DA:37,2
LF:19
LH:19
end_of_record
SF:/Users/zoocityboy/Develop/GitHub/flagsmith-flutter-client/packages/flagsmith-flutter-core/lib/src/tools/security.dart
DA:13,2
DA:14,6
DA:15,10
DA:17,2
DA:18,8
DA:19,6
DA:23,2
DA:24,2
DA:25,8
DA:28,2
DA:29,2
DA:30,2
DA:31,6
DA:32,10
DA:33,2
DA:36,2
DA:37,6
DA:38,4
DA:41,2
DA:44,8
LF:20
LH:20
end_of_record
SF:/Users/zoocityboy/Develop/GitHub/flagsmith-flutter-client/lib/src/core/exceptions.dart
DA:7,3
DA:9,1
DA:11,1
DA:15,1
DA:22,1
DA:23,4
DA:29,3
DA:30,3
DA:31,3
DA:32,3
DA:33,3
DA:34,3
DA:40,6
LF:13
LH:13
end_of_record
SF:/Users/zoocityboy/Develop/GitHub/flagsmith-flutter-client/lib/src/flagsmith_client.dart
DA:20,6
DA:21,6
DA:23,0
DA:35,4
DA:44,16
DA:47,8
DA:52,24
DA:53,16
DA:54,32
DA:55,16
DA:56,24
DA:60,8
DA:61,8
DA:62,16
DA:63,8
DA:66,1
DA:69,5
DA:72,4
DA:73,2
DA:75,3
DA:76,2
DA:80,1
DA:81,3
DA:82,1
DA:84,0
DA:85,0
DA:91,8
DA:97,8
DA:98,8
DA:102,8
DA:106,8
DA:107,16
DA:113,4
DA:114,16
DA:115,8
DA:121,6
DA:127,6
DA:131,12
DA:132,6
DA:136,8
DA:139,2
DA:141,16
DA:142,16
DA:143,8
DA:150,3
DA:151,6
DA:152,9
DA:153,6
DA:158,8
DA:159,24
DA:160,32
DA:161,24
DA:162,16
DA:164,16
DA:165,6
DA:178,7
DA:181,10
DA:182,5
DA:183,35
DA:185,5
DA:188,14
DA:189,9
DA:190,14
DA:200,2
DA:202,2
DA:214,3
DA:215,6
DA:216,2
DA:217,4
DA:220,6
DA:221,6
DA:231,3
DA:233,3
DA:234,3
DA:241,2
DA:243,2
DA:244,2
DA:247,5
DA:249,5
DA:251,25
DA:252,5
DA:258,1
DA:261,2
DA:262,1
DA:263,2
DA:265,1
DA:266,5
DA:267,1
DA:268,1
DA:272,5
DA:273,10
DA:274,15
DA:275,14
DA:277,15
DA:283,3
DA:284,6
DA:285,6
DA:286,12
DA:292,1
DA:293,1
DA:294,4
DA:297,7
DA:299,28
DA:300,14
DA:301,7
DA:302,21
DA:303,7
DA:304,14
DA:305,14
DA:306,49
DA:307,7
DA:310,1
DA:311,2
DA:312,6
DA:313,2
DA:315,0
DA:316,0
DA:321,2
DA:323,4
DA:324,8
DA:327,2
DA:328,1
DA:329,1
DA:331,3
DA:332,1
DA:333,7
DA:335,2
DA:336,2
DA:337,7
DA:338,1
DA:341,1
DA:342,2
DA:343,6
DA:344,2
DA:346,0
DA:347,0
DA:354,2
DA:355,2
DA:359,5
DA:363,2
DA:365,4
DA:366,8
DA:369,2
DA:370,1
DA:371,1
DA:373,3
DA:375,1
DA:376,1
DA:377,3
DA:378,1
DA:380,0
DA:381,0
DA:386,2
DA:390,10
DA:391,1
DA:394,2
DA:395,1
DA:396,3
DA:397,1
DA:399,0
DA:400,0
DA:405,2
DA:408,2
DA:411,6
DA:413,6
DA:414,2
DA:415,4
DA:417,2
DA:418,2
DA:422,4
DA:423,4
DA:426,3
DA:429,1
DA:430,2
DA:432,3
DA:433,1
DA:434,1
DA:435,1
DA:437,1
DA:438,1
DA:439,3
DA:440,1
DA:442,0
DA:443,0
DA:448,8
DA:449,16
DA:450,5
DA:451,5
DA:452,10
DA:457,2
DA:458,4
DA:459,2
DA:461,4
DA:465,3
DA:468,3
DA:471,18
DA:473,8
DA:474,16
DA:475,16
DA:480,2
DA:481,4
DA:482,4
DA:483,4
DA:484,12
DA:486,4
LF:205
LH:192
end_of_record
SF:/Users/zoocityboy/Develop/GitHub/flagsmith-flutter-client/lib/src/flagsmith_config.dart
DA:45,16
DA:63,16
DA:64,8
DA:65,8
DA:66,8
DA:67,8
LF:6
LH:6
end_of_record
SF:/Users/zoocityboy/Develop/GitHub/flagsmith-flutter-client/lib/src/core/string_x.dart
DA:2,0
LF:1
LH:0
end_of_record
SF:/Users/zoocityboy/Develop/GitHub/flagsmith-flutter-client/packages/flagsmith-flutter-core/lib/src/extensions/string_ext.dart
DA:2,4
LF:1
LH:1
end_of_record
SF:/Users/zoocityboy/Develop/GitHub/flagsmith-flutter-client/packages/flagsmith-flutter-core/lib/src/extensions/converters.dart
DA:1,6
DA:2,6
DA:3,5
LF:3
LH:3
end_of_record
SF:/Users/zoocityboy/Develop/GitHub/flagsmith-flutter-client/packages/flagsmith-flutter-core/lib/src/storage/in_memory_storage.dart
DA:7,2
DA:8,2
DA:11,2
DA:13,2
DA:17,2
DA:19,4
DA:24,2
DA:26,4
DA:27,4
DA:34,1
DA:36,2
DA:37,2
DA:45,2
DA:47,4
DA:48,6
DA:54,2
DA:56,4
DA:57,4
DA:64,2
DA:66,2
DA:67,6
DA:68,2
DA:70,2
DA:73,2
DA:75,2
DA:76,6
DA:77,4
DA:78,6
LF:28
LH:28
end_of_record
SF:/Users/zoocityboy/Develop/GitHub/flagsmith-flutter-client/packages/flagsmith-flutter-core/lib/src/storage_provider.dart
DA:14,2
DA:15,2
DA:17,2
DA:21,2
DA:22,2
DA:23,4
DA:24,4
DA:25,2
DA:28,2
DA:30,4
DA:34,4
DA:38,2
DA:41,4
DA:43,4
DA:45,2
DA:48,1
DA:49,2
DA:50,2
DA:54,1
DA:55,1
DA:56,2
DA:58,2
DA:61,2
DA:62,2
DA:66,4
DA:69,2
DA:70,4
DA:71,4
DA:75,2
DA:76,2
DA:77,4
DA:81,2
DA:82,4
DA:83,3
DA:84,2
DA:85,2
DA:86,2
DA:89,1
DA:90,2
DA:91,2
DA:93,2
DA:95,2
DA:101,2
DA:103,14
DA:104,2
DA:105,4
DA:107,4
DA:108,2
DA:114,4
DA:116,3
DA:118,2
DA:119,2
DA:120,3
DA:121,1
DA:125,2
DA:130,6
DA:131,8
DA:132,14
DA:136,2
DA:140,8
DA:141,18
DA:144,2
DA:146,6
DA:147,4
DA:149,0
DA:153,2
DA:154,6
DA:155,4
DA:157,4
DA:160,1
DA:161,1
DA:165,1
DA:166,1
DA:167,1
LF:74
LH:73
end_of_record
SF:/Users/zoocityboy/Develop/GitHub/flagsmith-flutter-client/packages/flagsmith-flutter-core/lib/src/model/feature.dart
DA:23,3
DA:31,3
DA:39,3
DA:47,3
DA:48,3
DA:50,6
DA:51,0
DA:52,1
DA:60,1
DA:61,1
DA:62,1
DA:63,1
DA:64,0
DA:65,1
DA:66,1
LF:15
LH:13
end_of_record
SF:/Users/zoocityboy/Develop/GitHub/flagsmith-flutter-client/packages/flagsmith-flutter-core/lib/src/model/feature.g.dart
DA:11,3
DA:12,3
DA:13,3
DA:14,3
DA:15,3
DA:17,6
DA:18,6
DA:19,3
DA:20,3
DA:24,6
DA:25,3
DA:26,3
DA:27,6
DA:28,6
DA:29,3
DA:30,3
LF:16
LH:16
end_of_record
SF:/Users/zoocityboy/Develop/GitHub/flagsmith-flutter-client/packages/flagsmith-flutter-core/lib/src/model/flag.dart
DA:24,3
DA:33,6
DA:34,2
DA:36,8
DA:39,3
DA:40,12
DA:41,3
DA:49,3
DA:58,3
DA:59,3
DA:61,3
DA:64,3
DA:67,6
DA:68,6
DA:76,6
DA:78,6
DA:79,9
DA:81,2
DA:89,2
DA:90,2
DA:91,1
DA:92,2
DA:93,1
DA:94,2
DA:95,2
DA:96,2
LF:26
LH:26
end_of_record
SF:/Users/zoocityboy/Develop/GitHub/flagsmith-flutter-client/packages/flagsmith-flutter-core/lib/src/model/flag.g.dart
DA:11,3
DA:12,3
DA:13,3
DA:14,6
DA:15,6
DA:16,3
DA:17,3
DA:18,3
DA:19,3
DA:23,6
DA:24,3
DA:25,6
DA:26,6
DA:27,3
DA:28,3
DA:29,3
DA:30,3
LF:17
LH:17
end_of_record
SF:/Users/zoocityboy/Develop/GitHub/flagsmith-flutter-client/packages/flagsmith-flutter-core/lib/src/model/flags_and_traits.dart
DA:11,1
DA:15,1
DA:16,1
DA:18,2
DA:19,0
DA:20,1
DA:24,1
DA:25,0
DA:26,0
LF:9
LH:6
end_of_record
SF:/Users/zoocityboy/Develop/GitHub/flagsmith-flutter-client/packages/flagsmith-flutter-core/lib/src/model/flags_and_traits.g.dart
DA:11,1
DA:12,1
DA:13,1
DA:14,3
DA:15,1
DA:16,1
DA:17,3
DA:18,1
DA:22,1
DA:23,1
DA:24,5
DA:25,5
LF:12
LH:12
end_of_record
SF:/Users/zoocityboy/Develop/GitHub/flagsmith-flutter-client/packages/flagsmith-flutter-core/lib/src/model/identity.dart
DA:10,3
DA:14,2
DA:15,2
DA:17,2
DA:18,0
DA:19,1
DA:20,2
LF:7
LH:6
end_of_record
SF:/Users/zoocityboy/Develop/GitHub/flagsmith-flutter-client/packages/flagsmith-flutter-core/lib/src/model/identity.g.dart
DA:11,2
DA:12,2
DA:13,2
DA:17,2
DA:18,1
LF:5
LH:5
end_of_record
SF:/Users/zoocityboy/Develop/GitHub/flagsmith-flutter-client/packages/flagsmith-flutter-core/lib/src/model/trait.dart
DA:19,2
DA:24,4
DA:26,4
DA:27,3
DA:28,1
DA:33,1
DA:34,1
DA:35,1
DA:36,1
DA:51,1
DA:56,1
DA:57,1
DA:59,2
DA:60,3
DA:61,1
DA:66,1
DA:67,1
DA:68,1
DA:69,1
LF:19
LH:19
end_of_record
SF:/Users/zoocityboy/Develop/GitHub/flagsmith-flutter-client/packages/flagsmith-flutter-core/lib/src/model/trait.g.dart
DA:11,2
DA:12,2
DA:13,2
DA:14,2
DA:15,4
DA:19,4
DA:20,2
DA:21,2
DA:22,4
DA:25,1
DA:26,1
DA:27,2
DA:28,1
DA:29,2
DA:33,1
DA:34,1
DA:35,2
DA:36,1
DA:37,2
LF:19
LH:19
end_of_record
SF:/Users/zoocityboy/Develop/GitHub/flagsmith-flutter-client/packages/flagsmith-flutter-core/lib/src/tools/security.dart
DA:13,2
DA:14,6
DA:15,10
DA:17,2
DA:18,8
DA:19,6
DA:23,2
DA:24,2
DA:25,8
DA:28,2
DA:29,2
DA:30,2
DA:31,6
DA:32,10
DA:33,2
DA:36,2
DA:37,6
DA:38,4
DA:41,2
DA:44,8
LF:20
LH:20
end_of_record
SF:/Users/zoocityboy/Develop/GitHub/flagsmith-flutter-client/packages/flagsmith-flutter-sharedpreferences/lib/sharedpreferences_store.dart
DA:7,1
DA:8,1
DA:11,1
DA:12,1
DA:13,3
DA:16,1
DA:18,2
DA:21,1
DA:23,1
DA:24,2
DA:27,1
DA:29,1
DA:30,2
DA:35,1
DA:37,1
DA:38,2
DA:43,1
DA:45,1
DA:46,2
DA:51,1
DA:53,1
DA:54,1
DA:55,2
DA:56,2
DA:57,1
DA:59,1
DA:65,1
DA:67,1
DA:68,1
DA:69,3
DA:70,2
DA:71,3
DA:78,1
DA:80,1
DA:81,2
LF:35
LH:35
end_of_record
SF:/Users/zoocityboy/Develop/GitHub/flagsmith-flutter-client/lib/src/core/exceptions.dart
DA:7,3
DA:9,1
DA:11,1
DA:15,1
DA:22,1
DA:23,4
DA:29,3
DA:30,3
DA:31,3
DA:32,3
DA:33,3
DA:34,3
DA:40,6
LF:13
LH:13
end_of_record
SF:/Users/zoocityboy/Develop/GitHub/flagsmith-flutter-client/lib/src/flagsmith_client.dart
DA:20,6
DA:21,6
DA:23,0
DA:35,4
DA:44,16
DA:47,8
DA:52,24
DA:53,16
DA:54,32
DA:55,16
DA:56,24
DA:60,8
DA:61,8
DA:62,16
DA:63,8
DA:66,1
DA:69,5
DA:72,4
DA:73,2
DA:75,3
DA:76,2
DA:80,1
DA:81,3
DA:82,1
DA:84,0
DA:85,0
DA:91,8
DA:97,8
DA:98,8
DA:102,8
DA:106,8
DA:107,16
DA:113,4
DA:114,16
DA:115,8
DA:121,6
DA:127,6
DA:131,12
DA:132,6
DA:136,8
DA:139,2
DA:141,16
DA:142,16
DA:143,8
DA:150,3
DA:151,6
DA:152,9
DA:153,6
DA:158,8
DA:159,24
DA:160,32
DA:161,24
DA:162,16
DA:164,16
DA:165,6
DA:178,7
DA:181,10
DA:182,5
DA:183,35
DA:185,5
DA:188,14
DA:189,9
DA:190,14
DA:200,2
DA:202,2
DA:214,3
DA:215,6
DA:216,2
DA:217,4
DA:220,6
DA:221,6
DA:231,3
DA:233,3
DA:234,3
DA:241,2
DA:243,2
DA:244,2
DA:247,5
DA:249,5
DA:251,25
DA:252,5
DA:258,1
DA:261,2
DA:262,1
DA:263,2
DA:265,1
DA:266,5
DA:267,1
DA:268,1
DA:272,5
DA:273,10
DA:274,15
DA:275,14
DA:277,15
DA:283,3
DA:284,6
DA:285,6
DA:286,12
DA:292,1
DA:293,1
DA:294,4
DA:297,7
DA:299,28
DA:300,14
DA:301,7
DA:302,21
DA:303,7
DA:304,14
DA:305,14
DA:306,49
DA:307,7
DA:310,1
DA:311,2
DA:312,6
DA:313,2
DA:315,0
DA:316,0
DA:321,2
DA:323,4
DA:324,8
DA:327,2
DA:328,1
DA:329,1
DA:331,3
DA:332,1
DA:333,7
DA:335,2
DA:336,2
DA:337,7
DA:338,1
DA:341,1
DA:342,2
DA:343,6
DA:344,2
DA:346,0
DA:347,0
DA:354,2
DA:355,2
DA:359,5
DA:363,2
DA:365,4
DA:366,8
DA:369,2
DA:370,1
DA:371,1
DA:373,3
DA:375,1
DA:376,1
DA:377,3
DA:378,1
DA:380,0
DA:381,0
DA:386,2
DA:390,10
DA:391,1
DA:394,2
DA:395,1
DA:396,3
DA:397,1
DA:399,0
DA:400,0
DA:405,2
DA:408,2
DA:411,6
DA:413,6
DA:414,2
DA:415,4
DA:417,2
DA:418,2
DA:422,4
DA:423,4
DA:426,3
DA:429,1
DA:430,2
DA:432,3
DA:433,1
DA:434,1
DA:435,1
DA:437,1
DA:438,1
DA:439,3
DA:440,1
DA:442,0
DA:443,0
DA:448,8
DA:449,16
DA:450,5
DA:451,5
DA:452,10
DA:457,2
DA:458,4
DA:459,2
DA:461,4
DA:465,3
DA:468,3
DA:471,18
DA:473,8
DA:474,16
DA:475,16
DA:480,2
DA:481,4
DA:482,4
DA:483,4
DA:484,12
DA:486,4
LF:205
LH:192
end_of_record
SF:/Users/zoocityboy/Develop/GitHub/flagsmith-flutter-client/lib/src/flagsmith_config.dart
DA:45,16
DA:63,16
DA:64,8
DA:65,8
DA:66,8
DA:67,8
LF:6
LH:6
end_of_record
SF:/Users/zoocityboy/Develop/GitHub/flagsmith-flutter-client/lib/src/core/string_x.dart
DA:2,0
LF:1
LH:0
end_of_record
SF:/Users/zoocityboy/Develop/GitHub/flagsmith-flutter-client/packages/flagsmith-flutter-core/lib/src/extensions/string_ext.dart
DA:2,4
LF:1
LH:1
end_of_record
SF:/Users/zoocityboy/Develop/GitHub/flagsmith-flutter-client/packages/flagsmith-flutter-core/lib/src/extensions/converters.dart
DA:1,6
DA:2,6
DA:3,5
LF:3
LH:3
end_of_record
SF:/Users/zoocityboy/Develop/GitHub/flagsmith-flutter-client/packages/flagsmith-flutter-core/lib/src/storage/in_memory_storage.dart
DA:7,2
DA:8,2
DA:11,2
DA:13,2
DA:17,2
DA:19,4
DA:24,2
DA:26,4
DA:27,4
DA:34,1
DA:36,2
DA:37,2
DA:45,2
DA:47,4
DA:48,6
DA:54,2
DA:56,4
DA:57,4
DA:64,2
DA:66,2
DA:67,6
DA:68,2
DA:70,2
DA:73,2
DA:75,2
DA:76,6
DA:77,4
DA:78,6
LF:28
LH:28
end_of_record
SF:/Users/zoocityboy/Develop/GitHub/flagsmith-flutter-client/packages/flagsmith-flutter-core/lib/src/storage_provider.dart
DA:14,2
DA:15,2
DA:17,2
DA:21,2
DA:22,2
DA:23,4
DA:24,4
DA:25,2
DA:28,2
DA:30,4
DA:34,4
DA:38,2
DA:41,4
DA:43,4
DA:45,2
DA:48,1
DA:49,2
DA:50,2
DA:54,1
DA:55,1
DA:56,2
DA:58,2
DA:61,2
DA:62,2
DA:66,4
DA:69,2
DA:70,4
DA:71,4
DA:75,2
DA:76,2
DA:77,4
DA:81,2
DA:82,4
DA:83,3
DA:84,2
DA:85,2
DA:86,2
DA:89,1
DA:90,2
DA:91,2
DA:93,2
DA:95,2
DA:101,2
DA:103,14
DA:104,2
DA:105,4
DA:107,4
DA:108,2
DA:114,4
DA:116,3
DA:118,2
DA:119,2
DA:120,3
DA:121,1
DA:125,2
DA:130,6
DA:131,8
DA:132,14
DA:136,2
DA:140,8
DA:141,18
DA:144,2
DA:146,6
DA:147,4
DA:149,0
DA:153,2
DA:154,6
DA:155,4
DA:157,4
DA:160,1
DA:161,1
DA:165,1
DA:166,1
DA:167,1
LF:74
LH:73
end_of_record
SF:/Users/zoocityboy/Develop/GitHub/flagsmith-flutter-client/packages/flagsmith-flutter-core/lib/src/model/feature.dart
DA:23,3
DA:31,3
DA:39,3
DA:47,3
DA:48,3
DA:50,6
DA:51,0
DA:52,1
DA:60,1
DA:61,1
DA:62,1
DA:63,1
DA:64,0
DA:65,1
DA:66,1
LF:15
LH:13
end_of_record
SF:/Users/zoocityboy/Develop/GitHub/flagsmith-flutter-client/packages/flagsmith-flutter-core/lib/src/model/feature.g.dart
DA:11,3
DA:12,3
DA:13,3
DA:14,3
DA:15,3
DA:17,6
DA:18,6
DA:19,3
DA:20,3
DA:24,6
DA:25,3
DA:26,3
DA:27,6
DA:28,6
DA:29,3
DA:30,3
LF:16
LH:16
end_of_record
SF:/Users/zoocityboy/Develop/GitHub/flagsmith-flutter-client/packages/flagsmith-flutter-core/lib/src/model/flag.dart
DA:24,3
DA:33,6
DA:34,2
DA:36,8
DA:39,3
DA:40,12
DA:41,3
DA:49,3
DA:58,3
DA:59,3
DA:61,3
DA:64,3
DA:67,6
DA:68,6
DA:76,6
DA:78,6
DA:79,9
DA:81,2
DA:89,2
DA:90,2
DA:91,1
DA:92,2
DA:93,1
DA:94,2
DA:95,2
DA:96,2
LF:26
LH:26
end_of_record
SF:/Users/zoocityboy/Develop/GitHub/flagsmith-flutter-client/packages/flagsmith-flutter-core/lib/src/model/flag.g.dart
DA:11,3
DA:12,3
DA:13,3
DA:14,6
DA:15,6
DA:16,3
DA:17,3
DA:18,3
DA:19,3
DA:23,6
DA:24,3
DA:25,6
DA:26,6
DA:27,3
DA:28,3
DA:29,3
DA:30,3
LF:17
LH:17
end_of_record
SF:/Users/zoocityboy/Develop/GitHub/flagsmith-flutter-client/packages/flagsmith-flutter-core/lib/src/model/flags_and_traits.dart
DA:11,1
DA:15,1
DA:16,1
DA:18,2
DA:19,0
DA:20,1
DA:24,1
DA:25,0
DA:26,0
LF:9
LH:6
end_of_record
SF:/Users/zoocityboy/Develop/GitHub/flagsmith-flutter-client/packages/flagsmith-flutter-core/lib/src/model/flags_and_traits.g.dart
DA:11,1
DA:12,1
DA:13,1
DA:14,3
DA:15,1
DA:16,1
DA:17,3
DA:18,1
DA:22,1
DA:23,1
DA:24,5
DA:25,5
LF:12
LH:12
end_of_record
SF:/Users/zoocityboy/Develop/GitHub/flagsmith-flutter-client/packages/flagsmith-flutter-core/lib/src/model/identity.dart
DA:10,3
DA:14,2
DA:15,2
DA:17,2
DA:18,0
DA:19,1
DA:20,2
LF:7
LH:6
end_of_record
SF:/Users/zoocityboy/Develop/GitHub/flagsmith-flutter-client/packages/flagsmith-flutter-core/lib/src/model/identity.g.dart
DA:11,2
DA:12,2
DA:13,2
DA:17,2
DA:18,1
LF:5
LH:5
end_of_record
SF:/Users/zoocityboy/Develop/GitHub/flagsmith-flutter-client/packages/flagsmith-flutter-core/lib/src/model/trait.dart
DA:19,2
DA:24,4
DA:26,4
DA:27,3
DA:28,1
DA:33,1
DA:34,1
DA:35,1
DA:36,1
DA:51,1
DA:56,1
DA:57,1
DA:59,2
DA:60,3
DA:61,1
DA:66,1
DA:67,1
DA:68,1
DA:69,1
LF:19
LH:19
end_of_record
SF:/Users/zoocityboy/Develop/GitHub/flagsmith-flutter-client/packages/flagsmith-flutter-core/lib/src/model/trait.g.dart
DA:11,2
DA:12,2
DA:13,2
DA:14,2
DA:15,4
DA:19,4
DA:20,2
DA:21,2
DA:22,4
DA:25,1
DA:26,1
DA:27,2
DA:28,1
DA:29,2
DA:33,1
DA:34,1
DA:35,2
DA:36,1
DA:37,2
LF:19
LH:19
end_of_record
SF:/Users/zoocityboy/Develop/GitHub/flagsmith-flutter-client/packages/flagsmith-flutter-core/lib/src/tools/security.dart
DA:13,2
DA:14,6
DA:15,10
DA:17,2
DA:18,8
DA:19,6
DA:23,2
DA:24,2
DA:25,8
DA:28,2
DA:29,2
DA:30,2
DA:31,6
DA:32,10
DA:33,2
DA:36,2
DA:37,6
DA:38,4
DA:41,2
DA:44,8
LF:20
LH:20
end_of_record
SF:/Users/zoocityboy/Develop/GitHub/flagsmith-flutter-client/packages/flagsmith-flutter-sharedpreferences/lib/sharedpreferences_store.dart
DA:7,1
DA:8,1
DA:11,1
DA:12,1
DA:13,3
DA:16,1
DA:18,2
DA:21,1
DA:23,1
DA:24,2
DA:27,1
DA:29,1
DA:30,2
DA:35,1
DA:37,1
DA:38,2
DA:43,1
DA:45,1
DA:46,2
DA:51,1
DA:53,1
DA:54,1
DA:55,2
DA:56,2
DA:57,1
DA:59,1
DA:65,1
DA:67,1
DA:68,1
DA:69,3
DA:70,2
DA:71,3
DA:78,1
DA:80,1
DA:81,2
LF:35
LH:35
end_of_record
SF:/Users/zoocityboy/Develop/GitHub/flagsmith-flutter-client/lib/src/core/exceptions.dart
DA:7,3
DA:9,1
DA:11,1
DA:15,1
DA:22,1
DA:23,4
DA:29,3
DA:30,3
DA:31,3
DA:32,3
DA:33,3
DA:34,3
DA:40,6
LF:13
LH:13
end_of_record
SF:/Users/zoocityboy/Develop/GitHub/flagsmith-flutter-client/lib/src/flagsmith_client.dart
DA:20,6
DA:21,6
DA:23,0
DA:35,4
DA:44,16
DA:47,8
DA:52,24
DA:53,16
DA:54,32
DA:55,16
DA:56,24
DA:60,8
DA:61,8
DA:62,16
DA:63,8
DA:66,1
DA:69,5
DA:72,4
DA:73,2
DA:75,3
DA:76,2
DA:80,1
DA:81,3
DA:82,1
DA:84,0
DA:85,0
DA:91,8
DA:97,8
DA:98,8
DA:102,8
DA:106,8
DA:107,16
DA:113,4
DA:114,16
DA:115,8
DA:121,6
DA:127,6
DA:131,12
DA:132,6
DA:136,8
DA:139,2
DA:141,16
DA:142,16
DA:143,8
DA:150,3
DA:151,6
DA:152,9
DA:153,6
DA:158,8
DA:159,24
DA:160,32
DA:161,24
DA:162,16
DA:164,16
DA:165,6
DA:178,7
DA:181,10
DA:182,5
DA:183,35
DA:185,5
DA:188,14
DA:189,9
DA:190,14
DA:200,2
DA:202,2
DA:214,3
DA:215,6
DA:216,2
DA:217,4
DA:220,6
DA:221,6
DA:231,3
DA:233,3
DA:234,3
DA:241,2
DA:243,2
DA:244,2
DA:247,5
DA:249,5
DA:251,25
DA:252,5
DA:258,1
DA:261,2
DA:262,1
DA:263,2
DA:265,1
DA:266,5
DA:267,1
DA:268,1
DA:272,5
DA:273,10
DA:274,15
DA:275,14
DA:277,15
DA:283,3
DA:284,6
DA:285,6
DA:286,12
DA:292,1
DA:293,1
DA:294,4
DA:297,7
DA:299,28
DA:300,14
DA:301,7
DA:302,21
DA:303,7
DA:304,14
DA:305,14
DA:306,49
DA:307,7
DA:310,1
DA:311,2
DA:312,6
DA:313,2
DA:315,0
DA:316,0
DA:321,2
DA:323,4
DA:324,8
DA:327,2
DA:328,1
DA:329,1
DA:331,3
DA:332,1
DA:333,7
DA:335,2
DA:336,2
DA:337,7
DA:338,1
DA:341,1
DA:342,2
DA:343,6
DA:344,2
DA:346,0
DA:347,0
DA:354,2
DA:355,2
DA:359,5
DA:363,2
DA:365,4
DA:366,8
DA:369,2
DA:370,1
DA:371,1
DA:373,3
DA:375,1
DA:376,1
DA:377,3
DA:378,1
DA:380,0
DA:381,0
DA:386,2
DA:390,10
DA:391,1
DA:394,2
DA:395,1
DA:396,3
DA:397,1
DA:399,0
DA:400,0
DA:405,2
DA:408,2
DA:411,6
DA:413,6
DA:414,2
DA:415,4
DA:417,2
DA:418,2
DA:422,4
DA:423,4
DA:426,3
DA:429,1
DA:430,2
DA:432,3
DA:433,1
DA:434,1
DA:435,1
DA:437,1
DA:438,1
DA:439,3
DA:440,1
DA:442,0
DA:443,0
DA:448,8
DA:449,16
DA:450,5
DA:451,5
DA:452,10
DA:457,2
DA:458,4
DA:459,2
DA:461,4
DA:465,3
DA:468,3
DA:471,18
DA:473,8
DA:474,16
DA:475,16
DA:480,2
DA:481,4
DA:482,4
DA:483,4
DA:484,12
DA:486,4
LF:205
LH:192
end_of_record
SF:/Users/zoocityboy/Develop/GitHub/flagsmith-flutter-client/lib/src/flagsmith_config.dart
DA:45,16
DA:63,16
DA:64,8
DA:65,8
DA:66,8
DA:67,8
LF:6
LH:6
end_of_record
SF:/Users/zoocityboy/Develop/GitHub/flagsmith-flutter-client/lib/src/core/string_x.dart
DA:2,0
LF:1
LH:0
end_of_record
SF:/Users/zoocityboy/Develop/GitHub/flagsmith-flutter-client/packages/flagsmith-flutter-core/lib/src/extensions/converters.dart
DA:1,6
DA:2,6
DA:3,5
LF:3
LH:3
end_of_record
SF:/Users/zoocityboy/Develop/GitHub/flagsmith-flutter-client/packages/flagsmith-flutter-core/lib/src/storage/in_memory_storage.dart
DA:7,2
DA:8,2
DA:11,2
DA:13,2
DA:17,2
DA:19,4
DA:24,2
DA:26,4
DA:27,4
DA:34,1
DA:36,2
DA:37,2
DA:45,2
DA:47,4
DA:48,6
DA:54,2
DA:56,4
DA:57,4
DA:64,2
DA:66,2
DA:67,6
DA:68,2
DA:70,2
DA:73,2
DA:75,2
DA:76,6
DA:77,4
DA:78,6
LF:28
LH:28
end_of_record
SF:/Users/zoocityboy/Develop/GitHub/flagsmith-flutter-client/packages/flagsmith-flutter-core/lib/src/storage_provider.dart
DA:14,2
DA:15,2
DA:17,2
DA:21,2
DA:22,2
DA:23,4
DA:24,4
DA:25,2
DA:28,2
DA:30,4
DA:34,4
DA:38,2
DA:41,4
DA:43,4
DA:45,2
DA:48,1
DA:49,2
DA:50,2
DA:54,1
DA:55,1
DA:56,2
DA:58,2
DA:61,2
DA:62,2
DA:66,4
DA:69,2
DA:70,4
DA:71,4
DA:75,2
DA:76,2
DA:77,4
DA:81,2
DA:82,4
DA:83,3
DA:84,2
DA:85,2
DA:86,2
DA:89,1
DA:90,2
DA:91,2
DA:93,2
DA:95,2
DA:101,2
DA:103,14
DA:104,2
DA:105,4
DA:107,4
DA:108,2
DA:114,4
DA:116,3
DA:118,2
DA:119,2
DA:120,3
DA:121,1
DA:125,2
DA:130,6
DA:131,8
DA:132,14
DA:136,2
DA:140,8
DA:141,18
DA:144,2
DA:146,6
DA:147,4
DA:149,0
DA:153,2
DA:154,6
DA:155,4
DA:157,4
DA:160,1
DA:161,1
DA:165,1
DA:166,1
DA:167,1
LF:74
LH:73
end_of_record
SF:/Users/zoocityboy/Develop/GitHub/flagsmith-flutter-client/packages/flagsmith-flutter-core/lib/src/model/feature.dart
DA:23,3
DA:31,3
DA:39,3
DA:47,3
DA:48,3
DA:50,6
DA:51,0
DA:52,1
DA:60,1
DA:61,1
DA:62,1
DA:63,1
DA:64,0
DA:65,1
DA:66,1
LF:15
LH:13
end_of_record
SF:/Users/zoocityboy/Develop/GitHub/flagsmith-flutter-client/packages/flagsmith-flutter-core/lib/src/model/feature.g.dart
DA:11,3
DA:12,3
DA:13,3
DA:14,3
DA:15,3
DA:17,6
DA:18,6
DA:19,3
DA:20,3
DA:24,6
DA:25,3
DA:26,3
DA:27,6
DA:28,6
DA:29,3
DA:30,3
LF:16
LH:16
end_of_record
SF:/Users/zoocityboy/Develop/GitHub/flagsmith-flutter-client/packages/flagsmith-flutter-core/lib/src/model/flag.dart
DA:24,3
DA:33,6
DA:34,2
DA:36,8
DA:39,3
DA:40,12
DA:41,3
DA:49,3
DA:58,3
DA:59,3
DA:61,3
DA:64,3
DA:67,6
DA:68,6
DA:76,6
DA:78,6
DA:79,9
DA:81,2
DA:89,2
DA:90,2
DA:91,1
DA:92,2
DA:93,1
DA:94,2
DA:95,2
DA:96,2
LF:26
LH:26
end_of_record
SF:/Users/zoocityboy/Develop/GitHub/flagsmith-flutter-client/packages/flagsmith-flutter-core/lib/src/model/flag.g.dart
DA:11,3
DA:12,3
DA:13,3
DA:14,6
DA:15,6
DA:16,3
DA:17,3
DA:18,3
DA:19,3
DA:23,6
DA:24,3
DA:25,6
DA:26,6
DA:27,3
DA:28,3
DA:29,3
DA:30,3
LF:17
LH:17
end_of_record
SF:/Users/zoocityboy/Develop/GitHub/flagsmith-flutter-client/packages/flagsmith-flutter-core/lib/src/model/flags_and_traits.dart
DA:11,1
DA:15,1
DA:16,1
DA:18,2
DA:19,0
DA:20,1
DA:24,1
DA:25,0
DA:26,0
LF:9
LH:6
end_of_record
SF:/Users/zoocityboy/Develop/GitHub/flagsmith-flutter-client/packages/flagsmith-flutter-core/lib/src/model/flags_and_traits.g.dart
DA:11,1
DA:12,1
DA:13,1
DA:14,3
DA:15,1
DA:16,1
DA:17,3
DA:18,1
DA:22,1
DA:23,1
DA:24,5
DA:25,5
LF:12
LH:12
end_of_record
SF:/Users/zoocityboy/Develop/GitHub/flagsmith-flutter-client/packages/flagsmith-flutter-core/lib/src/model/identity.dart
DA:10,3
DA:14,2
DA:15,2
DA:17,2
DA:18,0
DA:19,1
DA:20,2
LF:7
LH:6
end_of_record
SF:/Users/zoocityboy/Develop/GitHub/flagsmith-flutter-client/packages/flagsmith-flutter-core/lib/src/model/identity.g.dart
DA:11,2
DA:12,2
DA:13,2
DA:17,2
DA:18,1
LF:5
LH:5
end_of_record
SF:/Users/zoocityboy/Develop/GitHub/flagsmith-flutter-client/packages/flagsmith-flutter-core/lib/src/model/trait.dart
DA:19,2
DA:24,4
DA:26,4
DA:27,3
DA:28,1
DA:33,1
DA:34,1
DA:35,1
DA:36,1
DA:51,1
DA:56,1
DA:57,1
DA:59,2
DA:60,3
DA:61,1
DA:66,1
DA:67,1
DA:68,1
DA:69,1
LF:19
LH:19
end_of_record
SF:/Users/zoocityboy/Develop/GitHub/flagsmith-flutter-client/packages/flagsmith-flutter-core/lib/src/model/trait.g.dart
DA:11,2
DA:12,2
DA:13,2
DA:14,2
DA:15,4
DA:19,4
DA:20,2
DA:21,2
DA:22,4
DA:25,1
DA:26,1
DA:27,2
DA:28,1
DA:29,2
DA:33,1
DA:34,1
DA:35,2
DA:36,1
DA:37,2
LF:19
LH:19
end_of_record
SF:/Users/zoocityboy/Develop/GitHub/flagsmith-flutter-client/packages/flagsmith-flutter-core/lib/src/tools/security.dart
DA:13,2
DA:14,6
DA:15,10
DA:17,2
DA:18,8
DA:19,6
DA:23,2
DA:24,2
DA:25,8
DA:28,2
DA:29,2
DA:30,2
DA:31,6
DA:32,10
DA:33,2
DA:36,2
DA:37,6
DA:38,4
DA:41,2
DA:44,8
LF:20
LH:20
end_of_record
SF:/Users/zoocityboy/Develop/GitHub/flagsmith-flutter-client/packages/flagsmith-flutter-core/lib/src/extensions/string_ext.dart
DA:2,4
LF:1
LH:1
end_of_record
SF:/Users/zoocityboy/Develop/GitHub/flagsmith-flutter-client/packages/flagsmith-flutter-sharedpreferences/lib/sharedpreferences_store.dart
DA:7,1
DA:8,1
DA:11,1
DA:12,1
DA:13,3
DA:16,1
DA:18,2
DA:21,1
DA:23,1
DA:24,2
DA:27,1
DA:29,1
DA:30,2
DA:35,1
DA:37,1
DA:38,2
DA:43,1
DA:45,1
DA:46,2
DA:51,1
DA:53,1
DA:54,1
DA:55,2
DA:56,2
DA:57,1
DA:59,1
DA:65,1
DA:67,1
DA:68,1
DA:69,3
DA:70,2
DA:71,3
DA:78,1
DA:80,1
DA:81,2
LF:35
LH:35
end_of_record
SF:/Users/zoocityboy/Develop/GitHub/flagsmith-flutter-client/packages/flagsmith-flutter-sharedpreferences/lib/sharedpreferences_store.dart
DA:7,1
DA:8,1
DA:11,1
DA:12,1
DA:13,3
DA:16,1
DA:18,2
DA:21,1
DA:23,1
DA:24,2
DA:27,1
DA:29,1
DA:30,2
DA:35,1
DA:37,1
DA:38,2
DA:43,1
DA:45,1
DA:46,2
DA:51,1
DA:53,1
DA:54,1
DA:55,2
DA:56,2
DA:57,1
DA:59,1
DA:65,1
DA:67,1
DA:68,1
DA:69,3
DA:70,2
DA:71,3
DA:78,1
DA:80,1
DA:81,2
LF:35
LH:35
end_of_record
SF:/Users/zoocityboy/Develop/GitHub/flagsmith-flutter-client/lib/src/core/exceptions.dart
DA:7,3
DA:9,1
DA:11,1
DA:15,1
DA:22,1
DA:23,4
DA:29,3
DA:30,3
DA:31,3
DA:32,3
DA:33,3
DA:34,3
DA:40,6
LF:13
LH:13
end_of_record
SF:/Users/zoocityboy/Develop/GitHub/flagsmith-flutter-client/lib/src/flagsmith_client.dart
DA:20,6
DA:21,6
DA:23,0
DA:35,4
DA:44,16
DA:47,8
DA:52,24
DA:53,16
DA:54,32
DA:55,16
DA:56,24
DA:60,8
DA:61,8
DA:62,16
DA:63,8
DA:66,1
DA:69,5
DA:72,4
DA:73,2
DA:75,3
DA:76,2
DA:80,1
DA:81,3
DA:82,1
DA:84,0
DA:85,0
DA:91,8
DA:97,8
DA:98,8
DA:102,8
DA:106,8
DA:107,16
DA:113,4
DA:114,16
DA:115,8
DA:121,6
DA:127,6
DA:131,12
DA:132,6
DA:136,8
DA:139,2
DA:141,16
DA:142,16
DA:143,8
DA:150,3
DA:151,6
DA:152,9
DA:153,6
DA:158,8
DA:159,24
DA:160,32
DA:161,24
DA:162,16
DA:164,16
DA:165,6
DA:178,7
DA:181,10
DA:182,5
DA:183,35
DA:185,5
DA:188,14
DA:189,9
DA:190,14
DA:200,2
DA:202,2
DA:214,3
DA:215,6
DA:216,2
DA:217,4
DA:220,6
DA:221,6
DA:231,3
DA:233,3
DA:234,3
DA:241,2
DA:243,2
DA:244,2
DA:247,5
DA:249,5
DA:251,25
DA:252,5
DA:258,1
DA:261,2
DA:262,1
DA:263,2
DA:265,1
DA:266,5
DA:267,1
DA:268,1
DA:272,5
DA:273,10
DA:274,15
DA:275,14
DA:277,15
DA:283,3
DA:284,6
DA:285,6
DA:286,12
DA:292,1
DA:293,1
DA:294,4
DA:297,7
DA:299,28
DA:300,14
DA:301,7
DA:302,21
DA:303,7
DA:304,14
DA:305,14
DA:306,49
DA:307,7
DA:310,1
DA:311,2
DA:312,6
DA:313,2
DA:315,0
DA:316,0
DA:321,2
DA:323,4
DA:324,8
DA:327,2
DA:328,1
DA:329,1
DA:331,3
DA:332,1
DA:333,7
DA:335,2
DA:336,2
DA:337,7
DA:338,1
DA:341,1
DA:342,2
DA:343,6
DA:344,2
DA:346,0
DA:347,0
DA:354,2
DA:355,2
DA:359,5
DA:363,2
DA:365,4
DA:366,8
DA:369,2
DA:370,1
DA:371,1
DA:373,3
DA:375,1
DA:376,1
DA:377,3
DA:378,1
DA:380,0
DA:381,0
DA:386,2
DA:390,10
DA:391,1
DA:394,2
DA:395,1
DA:396,3
DA:397,1
DA:399,0
DA:400,0
DA:405,2
DA:408,2
DA:411,6
DA:413,6
DA:414,2
DA:415,4
DA:417,2
DA:418,2
DA:422,4
DA:423,4
DA:426,3
DA:429,1
DA:430,2
DA:432,3
DA:433,1
DA:434,1
DA:435,1
DA:437,1
DA:438,1
DA:439,3
DA:440,1
DA:442,0
DA:443,0
DA:448,8
DA:449,16
DA:450,5
DA:451,5
DA:452,10
DA:457,2
DA:458,4
DA:459,2
DA:461,4
DA:465,3
DA:468,3
DA:471,18
DA:473,8
DA:474,16
DA:475,16
DA:480,2
DA:481,4
DA:482,4
DA:483,4
DA:484,12
DA:486,4
LF:205
LH:192
end_of_record
SF:/Users/zoocityboy/Develop/GitHub/flagsmith-flutter-client/lib/src/flagsmith_config.dart
DA:45,16
DA:63,16
DA:64,8
DA:65,8
DA:66,8
DA:67,8
LF:6
LH:6
end_of_record
SF:/Users/zoocityboy/Develop/GitHub/flagsmith-flutter-client/lib/src/core/string_x.dart
DA:2,0
LF:1
LH:0
end_of_record
SF:/Users/zoocityboy/Develop/GitHub/flagsmith-flutter-client/packages/flagsmith-flutter-core/lib/src/extensions/string_ext.dart
DA:2,4
LF:1
LH:1
end_of_record
SF:/Users/zoocityboy/Develop/GitHub/flagsmith-flutter-client/packages/flagsmith-flutter-core/lib/src/extensions/converters.dart
DA:1,6
DA:2,6
DA:3,5
LF:3
LH:3
end_of_record
SF:/Users/zoocityboy/Develop/GitHub/flagsmith-flutter-client/packages/flagsmith-flutter-core/lib/src/storage/in_memory_storage.dart
DA:7,2
DA:8,2
DA:11,2
DA:13,2
DA:17,2
DA:19,4
DA:24,2
DA:26,4
DA:27,4
DA:34,1
DA:36,2
DA:37,2
DA:45,2
DA:47,4
DA:48,6
DA:54,2
DA:56,4
DA:57,4
DA:64,2
DA:66,2
DA:67,6
DA:68,2
DA:70,2
DA:73,2
DA:75,2
DA:76,6
DA:77,4
DA:78,6
LF:28
LH:28
end_of_record
SF:/Users/zoocityboy/Develop/GitHub/flagsmith-flutter-client/packages/flagsmith-flutter-core/lib/src/storage_provider.dart
DA:14,2
DA:15,2
DA:17,2
DA:21,2
DA:22,2
DA:23,4
DA:24,4
DA:25,2
DA:28,2
DA:30,4
DA:34,4
DA:38,2
DA:41,4
DA:43,4
DA:45,2
DA:48,1
DA:49,2
DA:50,2
DA:54,1
DA:55,1
DA:56,2
DA:58,2
DA:61,2
DA:62,2
DA:66,4
DA:69,2
DA:70,4
DA:71,4
DA:75,2
DA:76,2
DA:77,4
DA:81,2
DA:82,4
DA:83,3
DA:84,2
DA:85,2
DA:86,2
DA:89,1
DA:90,2
DA:91,2
DA:93,2
DA:95,2
DA:101,2
DA:103,14
DA:104,2
DA:105,4
DA:107,4
DA:108,2
DA:114,4
DA:116,3
DA:118,2
DA:119,2
DA:120,3
DA:121,1
DA:125,2
DA:130,6
DA:131,8
DA:132,14
DA:136,2
DA:140,8
DA:141,18
DA:144,2
DA:146,6
DA:147,4
DA:149,0
DA:153,2
DA:154,6
DA:155,4
DA:157,4
DA:160,1
DA:161,1
DA:165,1
DA:166,1
DA:167,1
LF:74
LH:73
end_of_record
SF:/Users/zoocityboy/Develop/GitHub/flagsmith-flutter-client/packages/flagsmith-flutter-core/lib/src/model/feature.dart
DA:23,3
DA:31,3
DA:39,3
DA:47,3
DA:48,3
DA:50,6
DA:51,0
DA:52,1
DA:60,1
DA:61,1
DA:62,1
DA:63,1
DA:64,0
DA:65,1
DA:66,1
LF:15
LH:13
end_of_record
SF:/Users/zoocityboy/Develop/GitHub/flagsmith-flutter-client/packages/flagsmith-flutter-core/lib/src/model/feature.g.dart
DA:11,3
DA:12,3
DA:13,3
DA:14,3
DA:15,3
DA:17,6
DA:18,6
DA:19,3
DA:20,3
DA:24,6
DA:25,3
DA:26,3
DA:27,6
DA:28,6
DA:29,3
DA:30,3
LF:16
LH:16
end_of_record
SF:/Users/zoocityboy/Develop/GitHub/flagsmith-flutter-client/packages/flagsmith-flutter-core/lib/src/model/flag.dart
DA:24,3
DA:33,6
DA:34,2
DA:36,8
DA:39,3
DA:40,12
DA:41,3
DA:49,3
DA:58,3
DA:59,3
DA:61,3
DA:64,3
DA:67,6
DA:68,6
DA:76,6
DA:78,6
DA:79,9
DA:81,2
DA:89,2
DA:90,2
DA:91,1
DA:92,2
DA:93,1
DA:94,2
DA:95,2
DA:96,2
LF:26
LH:26
end_of_record
SF:/Users/zoocityboy/Develop/GitHub/flagsmith-flutter-client/packages/flagsmith-flutter-core/lib/src/model/flag.g.dart
DA:11,3
DA:12,3
DA:13,3
DA:14,6
DA:15,6
DA:16,3
DA:17,3
DA:18,3
DA:19,3
DA:23,6
DA:24,3
DA:25,6
DA:26,6
DA:27,3
DA:28,3
DA:29,3
DA:30,3
LF:17
LH:17
end_of_record
SF:/Users/zoocityboy/Develop/GitHub/flagsmith-flutter-client/packages/flagsmith-flutter-core/lib/src/model/flags_and_traits.dart
DA:11,1
DA:15,1
DA:16,1
DA:18,2
DA:19,0
DA:20,1
DA:24,1
DA:25,0
DA:26,0
LF:9
LH:6
end_of_record
SF:/Users/zoocityboy/Develop/GitHub/flagsmith-flutter-client/packages/flagsmith-flutter-core/lib/src/model/flags_and_traits.g.dart
DA:11,1
DA:12,1
DA:13,1
DA:14,3
DA:15,1
DA:16,1
DA:17,3
DA:18,1
DA:22,1
DA:23,1
DA:24,5
DA:25,5
LF:12
LH:12
end_of_record
SF:/Users/zoocityboy/Develop/GitHub/flagsmith-flutter-client/packages/flagsmith-flutter-core/lib/src/model/identity.dart
DA:10,3
DA:14,2
DA:15,2
DA:17,2
DA:18,0
DA:19,1
DA:20,2
LF:7
LH:6
end_of_record
SF:/Users/zoocityboy/Develop/GitHub/flagsmith-flutter-client/packages/flagsmith-flutter-core/lib/src/model/identity.g.dart
DA:11,2
DA:12,2
DA:13,2
DA:17,2
DA:18,1
LF:5
LH:5
end_of_record
SF:/Users/zoocityboy/Develop/GitHub/flagsmith-flutter-client/packages/flagsmith-flutter-core/lib/src/model/trait.dart
DA:19,2
DA:24,4
DA:26,4
DA:27,3
DA:28,1
DA:33,1
DA:34,1
DA:35,1
DA:36,1
DA:51,1
DA:56,1
DA:57,1
DA:59,2
DA:60,3
DA:61,1
DA:66,1
DA:67,1
DA:68,1
DA:69,1
LF:19
LH:19
end_of_record
SF:/Users/zoocityboy/Develop/GitHub/flagsmith-flutter-client/packages/flagsmith-flutter-core/lib/src/model/trait.g.dart
DA:11,2
DA:12,2
DA:13,2
DA:14,2
DA:15,4
DA:19,4
DA:20,2
DA:21,2
DA:22,4
DA:25,1
DA:26,1
DA:27,2
DA:28,1
DA:29,2
DA:33,1
DA:34,1
DA:35,2
DA:36,1
DA:37,2
LF:19
LH:19
end_of_record
SF:/Users/zoocityboy/Develop/GitHub/flagsmith-flutter-client/packages/flagsmith-flutter-core/lib/src/tools/security.dart
DA:13,2
DA:14,6
DA:15,10
DA:17,2
DA:18,8
DA:19,6
DA:23,2
DA:24,2
DA:25,8
DA:28,2
DA:29,2
DA:30,2
DA:31,6
DA:32,10
DA:33,2
DA:36,2
DA:37,6
DA:38,4
DA:41,2
DA:44,8
LF:20
LH:20
end_of_record
