TN:
SF:/Users/zoocityboy/Develop/GitHub/flagsmith-flutter-client/lib/src/core/exceptions.dart
FNF:0
FNH:0
DA:7,18
DA:9,6
DA:11,6
DA:15,6
DA:22,6
DA:23,24
DA:29,18
DA:30,18
DA:31,18
DA:32,18
DA:33,18
DA:34,18
DA:40,36
LF:13
LH:13
end_of_record
TN:
SF:/Users/zoocityboy/Develop/GitHub/flagsmith-flutter-client/lib/src/core/string_x.dart
FNF:0
FNH:0
DA:2,0
LF:1
LH:0
end_of_record
TN:
SF:/Users/zoocityboy/Develop/GitHub/flagsmith-flutter-client/lib/src/flagsmith_client.dart
FNF:0
FNH:0
DA:20,36
DA:21,36
DA:23,0
DA:35,24
DA:43,16
DA:44,80
DA:46,8
DA:47,64
DA:48,16
DA:49,32
DA:50,16
DA:51,24
DA:52,120
DA:53,80
DA:54,160
DA:55,88
DA:56,128
DA:57,24
DA:60,41
DA:61,40
DA:62,85
DA:63,40
DA:65,6
DA:66,5
DA:67,3
DA:68,2
DA:69,25
DA:72,21
DA:73,13
DA:74,1
DA:75,15
DA:76,10
DA:77,0
DA:80,5
DA:81,15
DA:82,5
DA:83,8
DA:84,0
DA:85,0
DA:88,8
DA:89,8
DA:91,40
DA:93,8
DA:97,64
DA:98,40
DA:102,40
DA:103,4
DA:104,16
DA:105,8
DA:106,40
DA:107,80
DA:111,6
DA:113,20
DA:114,80
DA:115,40
DA:117,6
DA:121,42
DA:122,6
DA:126,8
DA:127,30
DA:128,2
DA:130,16
DA:131,76
DA:132,38
DA:136,40
DA:139,13
DA:140,6
DA:141,89
DA:142,86
DA:143,40
DA:147,8
DA:148,24
DA:149,32
DA:150,39
DA:151,46
DA:152,45
DA:153,46
DA:154,6
DA:158,40
DA:159,120
DA:160,160
DA:161,120
DA:162,80
DA:164,80
DA:165,30
DA:167,7
DA:169,10
DA:170,5
DA:171,35
DA:173,5
DA:176,14
DA:177,9
DA:178,49
DA:181,50
DA:182,25
DA:183,175
DA:185,25
DA:188,72
DA:189,45
DA:190,72
DA:200,10
DA:202,13
DA:203,6
DA:204,2
DA:205,4
DA:208,12
DA:214,15
DA:215,30
DA:216,10
DA:217,20
DA:218,3
DA:220,33
DA:221,33
DA:228,2
DA:230,2
DA:231,17
DA:233,15
DA:234,20
DA:236,5
DA:238,25
DA:239,5
DA:241,10
DA:243,10
DA:244,10
DA:245,1
DA:247,25
DA:248,2
DA:249,26
DA:250,2
DA:251,125
DA:252,31
DA:253,1
DA:254,1
DA:258,10
DA:259,10
DA:260,15
DA:261,24
DA:262,5
DA:263,25
DA:265,5
DA:266,25
DA:267,5
DA:268,5
DA:269,3
DA:270,6
DA:271,6
DA:272,37
DA:273,50
DA:274,75
DA:275,70
DA:277,75
DA:278,1
DA:279,1
DA:280,4
DA:283,22
DA:284,30
DA:285,58
DA:286,74
DA:287,35
DA:288,14
DA:289,14
DA:290,49
DA:291,7
DA:292,5
DA:293,5
DA:294,21
DA:295,2
DA:296,6
DA:297,37
DA:299,140
DA:300,70
DA:301,35
DA:302,105
DA:303,35
DA:304,70
DA:305,72
DA:306,245
DA:307,39
DA:308,8
DA:310,7
DA:311,11
DA:312,31
DA:313,10
DA:314,3
DA:315,1
DA:316,7
DA:318,2
DA:319,2
DA:320,7
DA:321,11
DA:323,20
DA:324,41
DA:325,2
DA:326,6
DA:327,12
DA:328,5
DA:329,5
DA:330,0
DA:331,15
DA:332,5
DA:333,35
DA:335,10
DA:336,10
DA:337,37
DA:338,7
DA:341,5
DA:342,15
DA:343,30
DA:344,10
DA:346,2
DA:347,0
DA:348,4
DA:349,8
DA:351,2
DA:352,1
DA:353,1
DA:354,10
DA:355,13
DA:357,1
DA:358,1
DA:359,28
DA:360,1
DA:362,0
DA:363,10
DA:365,20
DA:366,40
DA:368,2
DA:369,10
DA:370,15
DA:371,6
DA:373,15
DA:374,2
DA:375,6
DA:376,8
DA:377,16
DA:378,5
DA:379,0
DA:380,0
DA:381,0
DA:385,2
DA:386,10
DA:387,2
DA:390,56
DA:391,5
DA:392,6
DA:393,2
DA:394,14
DA:395,5
DA:396,17
DA:397,7
DA:399,0
DA:400,0
DA:401,4
DA:402,4
DA:405,13
DA:408,13
DA:410,3
DA:411,31
DA:412,1
DA:413,31
DA:414,10
DA:415,21
DA:416,1
DA:417,13
DA:418,11
DA:420,0
DA:421,0
DA:422,20
DA:423,20
DA:426,23
DA:427,16
DA:428,5
DA:429,10
DA:430,20
DA:432,15
DA:433,5
DA:434,5
DA:435,7
DA:436,4
DA:437,7
DA:438,5
DA:439,19
DA:440,5
DA:442,0
DA:443,3
DA:446,3
DA:448,40
DA:449,98
DA:450,25
DA:451,33
DA:452,66
DA:453,16
DA:457,10
DA:458,22
DA:459,14
DA:460,4
DA:461,24
DA:462,12
DA:464,4
DA:465,15
DA:468,15
DA:471,90
DA:473,40
DA:474,80
DA:475,80
DA:480,10
DA:481,20
DA:482,20
DA:483,20
DA:484,60
DA:486,20
LF:311
LH:296
end_of_record
TN:
SF:/Users/zoocityboy/Develop/GitHub/flagsmith-flutter-client/lib/src/flagsmith_config.dart
FNF:0
FNH:0
DA:45,96
DA:63,96
DA:64,48
DA:65,48
DA:66,48
DA:67,48
LF:6
LH:6
end_of_record
TN:
SF:/Users/zoocityboy/Develop/GitHub/flagsmith-flutter-client/packages/flagsmith-flutter-core/lib/src/extensions/converters.dart
FNF:0
FNH:0
DA:1,36
DA:2,36
DA:3,30
LF:3
LH:3
end_of_record
TN:
SF:/Users/zoocityboy/Develop/GitHub/flagsmith-flutter-client/packages/flagsmith-flutter-core/lib/src/extensions/string_ext.dart
FNF:0
FNH:0
DA:2,24
LF:1
LH:1
end_of_record
TN:
SF:/Users/zoocityboy/Develop/GitHub/flagsmith-flutter-client/packages/flagsmith-flutter-core/lib/src/model/feature.dart
FNF:0
FNH:0
DA:23,18
DA:31,18
DA:39,18
DA:47,18
DA:48,18
DA:50,36
DA:51,0
DA:52,6
DA:60,6
DA:61,6
DA:62,6
DA:63,6
DA:64,0
DA:65,6
DA:66,6
LF:15
LH:13
end_of_record
TN:
SF:/Users/zoocityboy/Develop/GitHub/flagsmith-flutter-client/packages/flagsmith-flutter-core/lib/src/model/feature.g.dart
FNF:0
FNH:0
DA:11,18
DA:12,18
DA:13,18
DA:14,18
DA:15,18
DA:17,36
DA:18,36
DA:19,18
DA:20,18
DA:24,36
DA:25,18
DA:26,18
DA:27,36
DA:28,36
DA:29,18
DA:30,18
LF:16
LH:16
end_of_record
TN:
SF:/Users/zoocityboy/Develop/GitHub/flagsmith-flutter-client/packages/flagsmith-flutter-core/lib/src/model/flag.dart
FNF:0
FNH:0
DA:24,18
DA:33,36
DA:34,12
DA:36,48
DA:39,18
DA:40,72
DA:41,18
DA:49,18
DA:58,18
DA:59,18
DA:61,18
DA:64,18
DA:67,36
DA:68,36
DA:76,36
DA:78,36
DA:79,54
DA:81,12
DA:89,12
DA:90,12
DA:91,6
DA:92,12
DA:93,6
DA:94,12
DA:95,12
DA:96,12
LF:26
LH:26
end_of_record
TN:
SF:/Users/zoocityboy/Develop/GitHub/flagsmith-flutter-client/packages/flagsmith-flutter-core/lib/src/model/flag.g.dart
FNF:0
FNH:0
DA:11,18
DA:12,18
DA:13,18
DA:14,36
DA:15,36
DA:16,18
DA:17,18
DA:18,18
DA:19,18
DA:23,36
DA:24,18
DA:25,36
DA:26,36
DA:27,18
DA:28,18
DA:29,18
DA:30,18
LF:17
LH:17
end_of_record
TN:
SF:/Users/zoocityboy/Develop/GitHub/flagsmith-flutter-client/packages/flagsmith-flutter-core/lib/src/model/flags_and_traits.dart
FNF:0
FNH:0
DA:11,6
DA:15,6
DA:16,6
DA:18,12
DA:19,0
DA:20,6
DA:24,6
DA:25,0
DA:26,0
LF:9
LH:6
end_of_record
TN:
SF:/Users/zoocityboy/Develop/GitHub/flagsmith-flutter-client/packages/flagsmith-flutter-core/lib/src/model/flags_and_traits.g.dart
FNF:0
FNH:0
DA:11,6
DA:12,6
DA:13,6
DA:14,18
DA:15,6
DA:16,6
DA:17,18
DA:18,6
DA:22,6
DA:23,6
DA:24,30
DA:25,30
LF:12
LH:12
end_of_record
TN:
SF:/Users/zoocityboy/Develop/GitHub/flagsmith-flutter-client/packages/flagsmith-flutter-core/lib/src/model/identity.dart
FNF:0
FNH:0
DA:10,18
DA:14,12
DA:15,12
DA:17,12
DA:18,0
DA:19,6
DA:20,12
LF:7
LH:6
end_of_record
TN:
SF:/Users/zoocityboy/Develop/GitHub/flagsmith-flutter-client/packages/flagsmith-flutter-core/lib/src/model/identity.g.dart
FNF:0
FNH:0
DA:11,12
DA:12,12
DA:13,12
DA:17,12
DA:18,6
LF:5
LH:5
end_of_record
TN:
SF:/Users/zoocityboy/Develop/GitHub/flagsmith-flutter-client/packages/flagsmith-flutter-core/lib/src/model/trait.dart
FNF:0
FNH:0
DA:19,12
DA:24,24
DA:26,24
DA:27,18
DA:28,6
DA:33,6
DA:34,6
DA:35,6
DA:36,6
DA:51,6
DA:56,6
DA:57,6
DA:59,12
DA:60,18
DA:61,6
DA:66,6
DA:67,6
DA:68,6
DA:69,6
LF:19
LH:19
end_of_record
TN:
SF:/Users/zoocityboy/Develop/GitHub/flagsmith-flutter-client/packages/flagsmith-flutter-core/lib/src/model/trait.g.dart
FNF:0
FNH:0
DA:11,12
DA:12,12
DA:13,12
DA:14,12
DA:15,24
DA:19,24
DA:20,12
DA:21,12
DA:22,24
DA:25,6
DA:26,6
DA:27,12
DA:28,6
DA:29,12
DA:33,6
DA:34,6
DA:35,12
DA:36,6
DA:37,12
LF:19
LH:19
end_of_record
TN:
SF:/Users/zoocityboy/Develop/GitHub/flagsmith-flutter-client/packages/flagsmith-flutter-core/lib/src/storage/in_memory_storage.dart
FNF:0
FNH:0
DA:7,12
DA:8,12
DA:11,12
DA:13,12
DA:17,12
DA:19,24
DA:24,12
DA:26,24
DA:27,24
DA:34,6
DA:36,12
DA:37,12
DA:45,12
DA:47,24
DA:48,36
DA:54,12
DA:56,24
DA:57,24
DA:64,12
DA:66,12
DA:67,36
DA:68,12
DA:70,12
DA:73,12
DA:75,12
DA:76,36
DA:77,24
DA:78,36
LF:28
LH:28
end_of_record
TN:
SF:/Users/zoocityboy/Develop/GitHub/flagsmith-flutter-client/packages/flagsmith-flutter-core/lib/src/storage_provider.dart
FNF:0
FNH:0
DA:14,12
DA:15,12
DA:17,12
DA:21,12
DA:22,12
DA:23,24
DA:24,24
DA:25,12
DA:28,12
DA:30,24
DA:34,24
DA:38,12
DA:41,24
DA:43,24
DA:45,12
DA:48,6
DA:49,12
DA:50,12
DA:54,6
DA:55,6
DA:56,12
DA:58,12
DA:61,12
DA:62,12
DA:66,24
DA:69,12
DA:70,24
DA:71,24
DA:75,12
DA:76,12
DA:77,24
DA:81,12
DA:82,24
DA:83,18
DA:84,12
DA:85,12
DA:86,12
DA:89,6
DA:90,12
DA:91,12
DA:93,12
DA:95,12
DA:101,12
DA:103,84
DA:104,12
DA:105,24
DA:107,24
DA:108,12
DA:114,24
DA:116,18
DA:118,12
DA:119,12
DA:120,18
DA:121,6
DA:125,12
DA:130,36
DA:131,48
DA:132,84
DA:136,12
DA:140,48
DA:141,108
DA:144,12
DA:146,36
DA:147,24
DA:149,0
DA:153,12
DA:154,36
DA:155,24
DA:157,24
DA:160,6
DA:161,6
DA:165,6
DA:166,6
DA:167,6
LF:74
LH:73
end_of_record
TN:
SF:/Users/zoocityboy/Develop/GitHub/flagsmith-flutter-client/packages/flagsmith-flutter-core/lib/src/tools/security.dart
FNF:0
FNH:0
DA:13,12
DA:14,36
DA:15,60
DA:17,12
DA:18,48
DA:19,36
DA:23,12
DA:24,12
DA:25,48
DA:28,12
DA:29,12
DA:30,12
DA:31,36
DA:32,60
DA:33,12
DA:36,12
DA:37,36
DA:38,24
DA:41,12
DA:44,48
LF:20
LH:20
end_of_record
TN:
SF:/Users/zoocityboy/Develop/GitHub/flagsmith-flutter-client/packages/flagsmith-flutter-sharedpreferences/lib/sharedpreferences_store.dart
FNF:0
FNH:0
DA:7,6
DA:8,6
DA:11,6
DA:12,6
DA:13,18
DA:16,6
DA:18,12
DA:21,6
DA:23,6
DA:24,12
DA:27,6
DA:29,6
DA:30,12
DA:35,6
DA:37,6
DA:38,12
DA:43,6
DA:45,6
DA:46,12
DA:51,6
DA:53,6
DA:54,6
DA:55,12
DA:56,12
DA:57,6
DA:59,6
DA:65,6
DA:67,6
DA:68,6
DA:69,18
DA:70,12
DA:71,18
DA:78,6
DA:80,6
DA:81,12
LF:35
LH:35
end_of_record
